<?xml version="1.0" encoding="UTF-8"?>
<!-- Generated by org.testng.reporters.JUnitXMLReporter -->
<testsuite hostname="Vandana" ignored="3" name="Test" tests="9" failures="1" timestamp="27 May 2019 14:24:15 GMT" time="47.566" errors="0">
  <testcase name="@BeforeClass setup" time="0.0" classname="com.learnautomation.pages.BaseClass">
    <failure type="java.lang.NullPointerException">
      <![CDATA[java.lang.NullPointerException
at com.learnautomation.pages.BaseClass.setup(BaseClass.java:29)
... Removed 26 stack frames]]>
    </failure>
  </testcase> <!-- @BeforeClass setup -->
  <testcase name="@AfterMethod tearDownMethod" time="0.0" classname="com.learnautomation.pages.BaseClass">
    <skipped/>
  </testcase> <!-- @AfterMethod tearDownMethod -->
  <testcase name="@BeforeClass setup" time="0.0" classname="com.learnautomation.pages.BaseClass">
    <failure type="java.lang.NullPointerException">
      <![CDATA[java.lang.NullPointerException
at com.learnautomation.pages.BaseClass.setup(BaseClass.java:29)
... Removed 26 stack frames]]>
    </failure>
  </testcase> <!-- @BeforeClass setup -->
  <testcase name="@AfterMethod tearDownMethod" time="0.0" classname="com.learnautomation.pages.BaseClass">
    <skipped/>
  </testcase> <!-- @AfterMethod tearDownMethod -->
  <testcase name="@BeforeClass setup" time="0.0" classname="com.learnautomation.pages.BaseClass">
    <failure type="java.lang.NullPointerException">
      <![CDATA[java.lang.NullPointerException
at com.learnautomation.pages.BaseClass.setup(BaseClass.java:29)
... Removed 26 stack frames]]>
    </failure>
  </testcase> <!-- @BeforeClass setup -->
  <testcase name="@AfterMethod tearDownMethod" time="0.0" classname="com.learnautomation.pages.BaseClass">
    <skipped/>
  </testcase> <!-- @AfterMethod tearDownMethod -->
  <testcase name="@AfterMethod tearDownMethod" time="0.0" classname="com.learnautomation.pages.BaseClass">
    <skipped/>
  </testcase> <!-- @AfterMethod tearDownMethod -->
  <testcase name="@AfterMethod tearDownMethod" time="0.0" classname="com.learnautomation.pages.BaseClass">
    <skipped/>
  </testcase> <!-- @AfterMethod tearDownMethod -->
  <testcase name="@AfterMethod tearDownMethod" time="0.0" classname="com.learnautomation.pages.BaseClass">
    <skipped/>
  </testcase> <!-- @AfterMethod tearDownMethod -->
  <testcase name="@AfterClass close" time="0.0" classname="com.learnautomation.pages.BaseClass">
    <skipped/>
  </testcase> <!-- @AfterClass close -->
  <testcase name="@AfterMethod tearDownMethod" time="0.0" classname="com.learnautomation.pages.BaseClass">
    <skipped/>
  </testcase> <!-- @AfterMethod tearDownMethod -->
  <testcase name="@AfterClass close" time="0.0" classname="com.learnautomation.pages.BaseClass">
    <skipped/>
  </testcase> <!-- @AfterClass close -->
  <testcase name="@AfterMethod tearDownMethod" time="0.0" classname="com.learnautomation.pages.BaseClass">
    <skipped/>
  </testcase> <!-- @AfterMethod tearDownMethod -->
  <testcase name="@AfterClass close" time="0.0" classname="com.learnautomation.pages.BaseClass">
    <skipped/>
  </testcase> <!-- @AfterClass close -->
  <testcase name="loginApp" time="35.789" classname="com.learnautomation.testcases.LoginTest">
    <failure type="org.openqa.selenium.TimeoutException" message="Expected condition failed: waiting for presence of element located by: By.xpath: (//a[ @href=&amp;apos;https://www.jabong.com/account/&amp;apos;])[1] (tried for 20 second(s) with 500 milliseconds interval)">
      <![CDATA[org.openqa.selenium.TimeoutException: Expected condition failed: waiting for presence of element located by: By.xpath: (//a[ @href='https://www.jabong.com/account/'])[1] (tried for 20 second(s) with 500 milliseconds interval)
at org.openqa.selenium.support.ui.WebDriverWait.timeoutException(WebDriverWait.java:95)
at org.openqa.selenium.support.ui.FluentWait.until(FluentWait.java:272)
at com.learnautomation.utility.Utility.getText(Utility.java:38)
at com.learnautomation.pages.LoginPage.getHomeText(LoginPage.java:38)
at com.learnautomation.testcases.LoginTest.loginApp(LoginTest.java:25)
Caused by: org.openqa.selenium.NoSuchElementException: no such element: Unable to locate element: {"method":"xpath","selector":"(//a[ @href='https://www.jabong.com/account/'])[1]"}
  (Session info: chrome=74.0.3729.169)
  (Driver info: chromedriver=74.0.3729.6 (255758eccf3d244491b8a1317aa76e1ce10d57e9-refs/branch-heads/3729@{#29}),platform=Windows NT 6.3.9600 x86_64) (WARNING: The server did not provide any stacktrace information)
Command duration or timeout: 0 milliseconds
For documentation on this error, please visit: https://www.seleniumhq.org/exceptions/no_such_element.html
Build info: version: '3.141.59', revision: 'e82be7d358', time: '2018-11-14T08:17:03'
System info: host: 'VANDANA', ip: '192.168.43.218', os.name: 'Windows 8.1', os.arch: 'amd64', os.version: '6.3', java.version: '1.8.0_161'
Driver info: org.openqa.selenium.chrome.ChromeDriver
Capabilities {acceptInsecureCerts: false, acceptSslCerts: false, applicationCacheEnabled: false, browserConnectionEnabled: false, browserName: chrome, chrome: {chromedriverVersion: 74.0.3729.6 (255758eccf3d24..., userDataDir: C:\Users\VANDAN~1\AppData\L...}, cssSelectorsEnabled: true, databaseEnabled: false, goog:chromeOptions: {debuggerAddress: localhost:64740}, handlesAlerts: true, hasTouchScreen: false, javascriptEnabled: true, locationContextEnabled: true, mobileEmulationEnabled: false, nativeEvents: true, networkConnectionEnabled: false, pageLoadStrategy: normal, platform: XP, platformName: XP, proxy: Proxy(), rotatable: false, setWindowRect: true, strictFileInteractability: false, takesHeapSnapshot: true, takesScreenshot: true, timeouts: {implicit: 0, pageLoad: 300000, script: 30000}, unexpectedAlertBehaviour: ignore, unhandledPromptBehavior: ignore, version: 74.0.3729.169, webStorageEnabled: true}
Session ID: cbe39e42c784765f34c84b89955c8ef7
*** Element info: {Using=xpath, value=(//a[ @href='https://www.jabong.com/account/'])[1]}
at org.openqa.selenium.remote.ErrorHandler.createThrowable(ErrorHandler.java:214)
at org.openqa.selenium.remote.ErrorHandler.throwIfResponseFailed(ErrorHandler.java:166)
at org.openqa.selenium.remote.http.JsonHttpResponseCodec.reconstructValue(JsonHttpResponseCodec.java:40)
at org.openqa.selenium.remote.http.AbstractHttpResponseCodec.decode(AbstractHttpResponseCodec.java:80)
at org.openqa.selenium.remote.http.AbstractHttpResponseCodec.decode(AbstractHttpResponseCodec.java:44)
at org.openqa.selenium.remote.HttpCommandExecutor.execute(HttpCommandExecutor.java:158)
at org.openqa.selenium.remote.service.DriverCommandExecutor.execute(DriverCommandExecutor.java:83)
at org.openqa.selenium.remote.RemoteWebDriver.execute(RemoteWebDriver.java:552)
at org.openqa.selenium.remote.RemoteWebDriver.findElement(RemoteWebDriver.java:323)
at org.openqa.selenium.remote.RemoteWebDriver.findElementByXPath(RemoteWebDriver.java:428)
at org.openqa.selenium.By$ByXPath.findElement(By.java:353)
at org.openqa.selenium.remote.RemoteWebDriver.findElement(RemoteWebDriver.java:315)
at org.openqa.selenium.support.events.EventFiringWebDriver.lambda$new$1(EventFiringWebDriver.java:105)
at com.sun.proxy.$Proxy9.findElement(Unknown Source)
at org.openqa.selenium.support.events.EventFiringWebDriver.findElement(EventFiringWebDriver.java:194)
at org.openqa.selenium.support.ui.ExpectedConditions$6.apply(ExpectedConditions.java:182)
at org.openqa.selenium.support.ui.ExpectedConditions$6.apply(ExpectedConditions.java:179)
at org.openqa.selenium.support.ui.FluentWait.until(FluentWait.java:249)
... 28 more
... Removed 31 stack frames]]>
    </failure>
  </testcase> <!-- loginApp -->
  <testcase name="login" time="0.0" classname="com.learnautomation.testcases.MyAccountChange">
    <skipped/>
  </testcase> <!-- login -->
  <testcase name="login" time="0.0" classname="com.learnautomation.testcases.AddNewAddressTest">
    <skipped/>
  </testcase> <!-- login -->
  <testcase name="loginApp" time="0.0" classname="com.learnautomation.testcases.FetchJabongPointTest">
    <skipped/>
  </testcase> <!-- loginApp -->
  <testcase name="myAccountVerification" time="0.0" classname="com.learnautomation.testcases.MyAccountChange">
    <skipped/>
  </testcase> <!-- myAccountVerification -->
  <testcase name="myAccountVerification" time="0.0" classname="com.learnautomation.testcases.AddNewAddressTest">
    <skipped/>
  </testcase> <!-- myAccountVerification -->
  <testcase name="jabongPoingVerification" time="0.0" classname="com.learnautomation.testcases.FetchJabongPointTest">
    <skipped/>
  </testcase> <!-- jabongPoingVerification -->
  <testcase name="personalInfoChange" time="0.0" classname="com.learnautomation.testcases.MyAccountChange">
    <skipped/>
  </testcase> <!-- personalInfoChange -->
  <testcase name="addNewAddressVerification" time="0.0" classname="com.learnautomation.testcases.AddNewAddressTest">
    <skipped/>
  </testcase> <!-- addNewAddressVerification -->
  <testcase name="@BeforeSuite setUpSuite" time="0.0" classname="com.learnautomation.pages.BaseClass">
    <ignored/>
  </testcase> <!-- @BeforeSuite setUpSuite -->
  <testcase name="@BeforeSuite setUpSuite" time="0.0" classname="com.learnautomation.pages.BaseClass">
    <ignored/>
  </testcase> <!-- @BeforeSuite setUpSuite -->
  <testcase name="@BeforeSuite setUpSuite" time="0.0" classname="com.learnautomation.pages.BaseClass">
    <ignored/>
  </testcase> <!-- @BeforeSuite setUpSuite -->
</testsuite> <!-- Test -->
