<?xml version="1.0" encoding="UTF-8"?>
<testsuite xmlns:xsi="http://www.w3.org/2001/XMLSchema-instance" xsi:noNamespaceSchemaLocation="https://maven.apache.org/surefire/maven-surefire-plugin/xsd/surefire-test-report-3.0.xsd" version="3.0" name="TestSuite" time="372.56" tests="9" errors="0" skipped="0" failures="7">
  <properties>
    <property name="sun.desktop" value="windows"/>
    <property name="awt.toolkit" value="sun.awt.windows.WToolkit"/>
    <property name="file.encoding.pkg" value="sun.io"/>
    <property name="java.specification.version" value="1.8"/>
    <property name="sun.cpu.isalist" value="amd64"/>
    <property name="sun.jnu.encoding" value="Cp1252"/>
    <property name="java.class.path" value="C:\Users\VandanaPC\git\Framework\Framework\target\test-classes;C:\Users\VandanaPC\git\Framework\Framework\target\classes;C:\Users\VandanaPC\.m2\repository\org\seleniumhq\selenium\selenium-java\3.141.59\selenium-java-3.141.59.jar;C:\Users\VandanaPC\.m2\repository\org\seleniumhq\selenium\selenium-api\3.141.59\selenium-api-3.141.59.jar;C:\Users\VandanaPC\.m2\repository\org\seleniumhq\selenium\selenium-chrome-driver\3.141.59\selenium-chrome-driver-3.141.59.jar;C:\Users\VandanaPC\.m2\repository\org\seleniumhq\selenium\selenium-edge-driver\3.141.59\selenium-edge-driver-3.141.59.jar;C:\Users\VandanaPC\.m2\repository\org\seleniumhq\selenium\selenium-firefox-driver\3.141.59\selenium-firefox-driver-3.141.59.jar;C:\Users\VandanaPC\.m2\repository\org\seleniumhq\selenium\selenium-ie-driver\3.141.59\selenium-ie-driver-3.141.59.jar;C:\Users\VandanaPC\.m2\repository\org\seleniumhq\selenium\selenium-opera-driver\3.141.59\selenium-opera-driver-3.141.59.jar;C:\Users\VandanaPC\.m2\repository\org\seleniumhq\selenium\selenium-remote-driver\3.141.59\selenium-remote-driver-3.141.59.jar;C:\Users\VandanaPC\.m2\repository\org\seleniumhq\selenium\selenium-safari-driver\3.141.59\selenium-safari-driver-3.141.59.jar;C:\Users\VandanaPC\.m2\repository\org\seleniumhq\selenium\selenium-support\3.141.59\selenium-support-3.141.59.jar;C:\Users\VandanaPC\.m2\repository\net\bytebuddy\byte-buddy\1.8.15\byte-buddy-1.8.15.jar;C:\Users\VandanaPC\.m2\repository\org\apache\commons\commons-exec\1.3\commons-exec-1.3.jar;C:\Users\VandanaPC\.m2\repository\com\google\guava\guava\25.0-jre\guava-25.0-jre.jar;C:\Users\VandanaPC\.m2\repository\com\google\code\findbugs\jsr305\1.3.9\jsr305-1.3.9.jar;C:\Users\VandanaPC\.m2\repository\org\checkerframework\checker-compat-qual\2.0.0\checker-compat-qual-2.0.0.jar;C:\Users\VandanaPC\.m2\repository\com\google\errorprone\error_prone_annotations\2.1.3\error_prone_annotations-2.1.3.jar;C:\Users\VandanaPC\.m2\repository\com\google\j2objc\j2objc-annotations\1.1\j2objc-annotations-1.1.jar;C:\Users\VandanaPC\.m2\repository\org\codehaus\mojo\animal-sniffer-annotations\1.14\animal-sniffer-annotations-1.14.jar;C:\Users\VandanaPC\.m2\repository\com\squareup\okhttp3\okhttp\3.11.0\okhttp-3.11.0.jar;C:\Users\VandanaPC\.m2\repository\com\squareup\okio\okio\1.14.0\okio-1.14.0.jar;C:\Users\VandanaPC\.m2\repository\org\testng\testng\6.14.3\testng-6.14.3.jar;C:\Users\VandanaPC\.m2\repository\com\beust\jcommander\1.72\jcommander-1.72.jar;C:\Users\VandanaPC\.m2\repository\org\apache-extras\beanshell\bsh\2.0b6\bsh-2.0b6.jar;C:\Users\VandanaPC\.m2\repository\com\aventstack\extentreports\4.0.0\extentreports-4.0.0.jar;C:\Users\VandanaPC\.m2\repository\org\freemarker\freemarker\2.3.23\freemarker-2.3.23.jar;C:\Users\VandanaPC\.m2\repository\org\mongodb\mongodb-driver\3.3.0\mongodb-driver-3.3.0.jar;C:\Users\VandanaPC\.m2\repository\org\mongodb\mongodb-driver-core\3.3.0\mongodb-driver-core-3.3.0.jar;C:\Users\VandanaPC\.m2\repository\org\mongodb\bson\3.3.0\bson-3.3.0.jar;C:\Users\VandanaPC\.m2\repository\org\apache\httpcomponents\httpclient\4.5.2\httpclient-4.5.2.jar;C:\Users\VandanaPC\.m2\repository\org\apache\httpcomponents\httpcore\4.4.4\httpcore-4.4.4.jar;C:\Users\VandanaPC\.m2\repository\commons-logging\commons-logging\1.2\commons-logging-1.2.jar;C:\Users\VandanaPC\.m2\repository\org\apache\httpcomponents\httpmime\4.5.2\httpmime-4.5.2.jar;C:\Users\VandanaPC\.m2\repository\com\google\code\gson\gson\2.8.5\gson-2.8.5.jar;C:\Users\VandanaPC\.m2\repository\org\apache\poi\poi\3.17\poi-3.17.jar;C:\Users\VandanaPC\.m2\repository\commons-codec\commons-codec\1.10\commons-codec-1.10.jar;C:\Users\VandanaPC\.m2\repository\org\apache\commons\commons-collections4\4.1\commons-collections4-4.1.jar;C:\Users\VandanaPC\.m2\repository\org\apache\poi\poi-ooxml\3.17\poi-ooxml-3.17.jar;C:\Users\VandanaPC\.m2\repository\org\apache\poi\poi-ooxml-schemas\3.17\poi-ooxml-schemas-3.17.jar;C:\Users\VandanaPC\.m2\repository\org\apache\xmlbeans\xmlbeans\2.6.0\xmlbeans-2.6.0.jar;C:\Users\VandanaPC\.m2\repository\stax\stax-api\1.0.1\stax-api-1.0.1.jar;C:\Users\VandanaPC\.m2\repository\com\github\virtuald\curvesapi\1.04\curvesapi-1.04.jar;"/>
    <property name="java.vm.vendor" value="Oracle Corporation"/>
    <property name="sun.arch.data.model" value="64"/>
    <property name="user.variant" value=""/>
    <property name="java.vendor.url" value="http://java.oracle.com/"/>
    <property name="user.timezone" value="Asia/Calcutta"/>
    <property name="java.vm.specification.version" value="1.8"/>
    <property name="os.name" value="Windows 8.1"/>
    <property name="user.country" value="GB"/>
    <property name="sun.java.launcher" value="SUN_STANDARD"/>
    <property name="sun.boot.library.path" value="C:\Program Files\Java\jdk1.8.0_161\jre\bin"/>
    <property name="sun.java.command" value="C:\Users\VandanaPC\AppData\Local\Temp\surefire5757103487637301094\surefirebooter6965102269914646581.jar C:\Users\VandanaPC\AppData\Local\Temp\surefire5757103487637301094 2019-05-31T22-51-40_203-jvmRun1 surefire6093650146012209146tmp surefire_02826034490704406352tmp"/>
    <property name="surefire.test.class.path" value="C:\Users\VandanaPC\git\Framework\Framework\target\test-classes;C:\Users\VandanaPC\git\Framework\Framework\target\classes;C:\Users\VandanaPC\.m2\repository\org\seleniumhq\selenium\selenium-java\3.141.59\selenium-java-3.141.59.jar;C:\Users\VandanaPC\.m2\repository\org\seleniumhq\selenium\selenium-api\3.141.59\selenium-api-3.141.59.jar;C:\Users\VandanaPC\.m2\repository\org\seleniumhq\selenium\selenium-chrome-driver\3.141.59\selenium-chrome-driver-3.141.59.jar;C:\Users\VandanaPC\.m2\repository\org\seleniumhq\selenium\selenium-edge-driver\3.141.59\selenium-edge-driver-3.141.59.jar;C:\Users\VandanaPC\.m2\repository\org\seleniumhq\selenium\selenium-firefox-driver\3.141.59\selenium-firefox-driver-3.141.59.jar;C:\Users\VandanaPC\.m2\repository\org\seleniumhq\selenium\selenium-ie-driver\3.141.59\selenium-ie-driver-3.141.59.jar;C:\Users\VandanaPC\.m2\repository\org\seleniumhq\selenium\selenium-opera-driver\3.141.59\selenium-opera-driver-3.141.59.jar;C:\Users\VandanaPC\.m2\repository\org\seleniumhq\selenium\selenium-remote-driver\3.141.59\selenium-remote-driver-3.141.59.jar;C:\Users\VandanaPC\.m2\repository\org\seleniumhq\selenium\selenium-safari-driver\3.141.59\selenium-safari-driver-3.141.59.jar;C:\Users\VandanaPC\.m2\repository\org\seleniumhq\selenium\selenium-support\3.141.59\selenium-support-3.141.59.jar;C:\Users\VandanaPC\.m2\repository\net\bytebuddy\byte-buddy\1.8.15\byte-buddy-1.8.15.jar;C:\Users\VandanaPC\.m2\repository\org\apache\commons\commons-exec\1.3\commons-exec-1.3.jar;C:\Users\VandanaPC\.m2\repository\com\google\guava\guava\25.0-jre\guava-25.0-jre.jar;C:\Users\VandanaPC\.m2\repository\com\google\code\findbugs\jsr305\1.3.9\jsr305-1.3.9.jar;C:\Users\VandanaPC\.m2\repository\org\checkerframework\checker-compat-qual\2.0.0\checker-compat-qual-2.0.0.jar;C:\Users\VandanaPC\.m2\repository\com\google\errorprone\error_prone_annotations\2.1.3\error_prone_annotations-2.1.3.jar;C:\Users\VandanaPC\.m2\repository\com\google\j2objc\j2objc-annotations\1.1\j2objc-annotations-1.1.jar;C:\Users\VandanaPC\.m2\repository\org\codehaus\mojo\animal-sniffer-annotations\1.14\animal-sniffer-annotations-1.14.jar;C:\Users\VandanaPC\.m2\repository\com\squareup\okhttp3\okhttp\3.11.0\okhttp-3.11.0.jar;C:\Users\VandanaPC\.m2\repository\com\squareup\okio\okio\1.14.0\okio-1.14.0.jar;C:\Users\VandanaPC\.m2\repository\org\testng\testng\6.14.3\testng-6.14.3.jar;C:\Users\VandanaPC\.m2\repository\com\beust\jcommander\1.72\jcommander-1.72.jar;C:\Users\VandanaPC\.m2\repository\org\apache-extras\beanshell\bsh\2.0b6\bsh-2.0b6.jar;C:\Users\VandanaPC\.m2\repository\com\aventstack\extentreports\4.0.0\extentreports-4.0.0.jar;C:\Users\VandanaPC\.m2\repository\org\freemarker\freemarker\2.3.23\freemarker-2.3.23.jar;C:\Users\VandanaPC\.m2\repository\org\mongodb\mongodb-driver\3.3.0\mongodb-driver-3.3.0.jar;C:\Users\VandanaPC\.m2\repository\org\mongodb\mongodb-driver-core\3.3.0\mongodb-driver-core-3.3.0.jar;C:\Users\VandanaPC\.m2\repository\org\mongodb\bson\3.3.0\bson-3.3.0.jar;C:\Users\VandanaPC\.m2\repository\org\apache\httpcomponents\httpclient\4.5.2\httpclient-4.5.2.jar;C:\Users\VandanaPC\.m2\repository\org\apache\httpcomponents\httpcore\4.4.4\httpcore-4.4.4.jar;C:\Users\VandanaPC\.m2\repository\commons-logging\commons-logging\1.2\commons-logging-1.2.jar;C:\Users\VandanaPC\.m2\repository\org\apache\httpcomponents\httpmime\4.5.2\httpmime-4.5.2.jar;C:\Users\VandanaPC\.m2\repository\com\google\code\gson\gson\2.8.5\gson-2.8.5.jar;C:\Users\VandanaPC\.m2\repository\org\apache\poi\poi\3.17\poi-3.17.jar;C:\Users\VandanaPC\.m2\repository\commons-codec\commons-codec\1.10\commons-codec-1.10.jar;C:\Users\VandanaPC\.m2\repository\org\apache\commons\commons-collections4\4.1\commons-collections4-4.1.jar;C:\Users\VandanaPC\.m2\repository\org\apache\poi\poi-ooxml\3.17\poi-ooxml-3.17.jar;C:\Users\VandanaPC\.m2\repository\org\apache\poi\poi-ooxml-schemas\3.17\poi-ooxml-schemas-3.17.jar;C:\Users\VandanaPC\.m2\repository\org\apache\xmlbeans\xmlbeans\2.6.0\xmlbeans-2.6.0.jar;C:\Users\VandanaPC\.m2\repository\stax\stax-api\1.0.1\stax-api-1.0.1.jar;C:\Users\VandanaPC\.m2\repository\com\github\virtuald\curvesapi\1.04\curvesapi-1.04.jar;"/>
    <property name="sun.cpu.endian" value="little"/>
    <property name="user.home" value="C:\Users\VandanaPC"/>
    <property name="user.language" value="en"/>
    <property name="java.specification.vendor" value="Oracle Corporation"/>
    <property name="java.home" value="C:\Program Files\Java\jdk1.8.0_161\jre"/>
    <property name="basedir" value="C:\Users\VandanaPC\git\Framework\Framework"/>
    <property name="file.separator" value="\"/>
    <property name="line.separator" value="&#10;"/>
    <property name="java.vm.specification.vendor" value="Oracle Corporation"/>
    <property name="java.specification.name" value="Java Platform API Specification"/>
    <property name="java.awt.graphicsenv" value="sun.awt.Win32GraphicsEnvironment"/>
    <property name="surefire.real.class.path" value="C:\Users\VandanaPC\AppData\Local\Temp\surefire5757103487637301094\surefirebooter6965102269914646581.jar"/>
    <property name="sun.boot.class.path" value="C:\Program Files\Java\jdk1.8.0_161\jre\lib\resources.jar;C:\Program Files\Java\jdk1.8.0_161\jre\lib\rt.jar;C:\Program Files\Java\jdk1.8.0_161\jre\lib\sunrsasign.jar;C:\Program Files\Java\jdk1.8.0_161\jre\lib\jsse.jar;C:\Program Files\Java\jdk1.8.0_161\jre\lib\jce.jar;C:\Program Files\Java\jdk1.8.0_161\jre\lib\charsets.jar;C:\Program Files\Java\jdk1.8.0_161\jre\lib\jfr.jar;C:\Program Files\Java\jdk1.8.0_161\jre\classes"/>
    <property name="user.script" value=""/>
    <property name="sun.management.compiler" value="HotSpot 64-Bit Tiered Compilers"/>
    <property name="java.runtime.version" value="1.8.0_161-b12"/>
    <property name="user.name" value="VandanaPC"/>
    <property name="path.separator" value=";"/>
    <property name="os.version" value="6.3"/>
    <property name="java.endorsed.dirs" value="C:\Program Files\Java\jdk1.8.0_161\jre\lib\endorsed"/>
    <property name="java.runtime.name" value="Java(TM) SE Runtime Environment"/>
    <property name="file.encoding" value="Cp1252"/>
    <property name="java.vm.name" value="Java HotSpot(TM) 64-Bit Server VM"/>
    <property name="localRepository" value="C:\Users\VandanaPC\.m2\repository"/>
    <property name="java.vendor.url.bug" value="http://bugreport.sun.com/bugreport/"/>
    <property name="java.io.tmpdir" value="C:\Users\VANDAN~1\AppData\Local\Temp\"/>
    <property name="java.version" value="1.8.0_161"/>
    <property name="user.dir" value="C:\Users\VandanaPC\git\Framework\Framework"/>
    <property name="os.arch" value="amd64"/>
    <property name="java.vm.specification.name" value="Java Virtual Machine Specification"/>
    <property name="java.awt.printerjob" value="sun.awt.windows.WPrinterJob"/>
    <property name="sun.os.patch.level" value=""/>
    <property name="java.library.path" value="C:\Program Files\Java\jdk1.8.0_161\jre\bin;C:\Windows\Sun\Java\bin;C:\Windows\system32;C:\Windows;C:/Program Files/Java/jdk1.8.0_161/bin/../jre/bin/server;C:/Program Files/Java/jdk1.8.0_161/bin/../jre/bin;C:/Program Files/Java/jdk1.8.0_161/bin/../jre/lib/amd64;C:\Program Files\Java\jdk1.8.0_161\bin;C:\Program Files\Git\cmd;C:\Program Files\apache-maven-3.6.0-bin\apache-maven-3.6.0\bin;C:\Users\VandanaPC\Desktop\eclipse-jee-2019-03-R-win32-x86_64\eclipse;;."/>
    <property name="java.vm.info" value="mixed mode"/>
    <property name="java.vendor" value="Oracle Corporation"/>
    <property name="java.vm.version" value="25.161-b12"/>
    <property name="java.ext.dirs" value="C:\Program Files\Java\jdk1.8.0_161\jre\lib\ext;C:\Windows\Sun\Java\lib\ext"/>
    <property name="sun.io.unicode.encoding" value="UnicodeLittle"/>
    <property name="java.class.version" value="52.0"/>
  </properties>
  <testcase name="loginApp" classname="com.automation.testcases.LoginTest" time="61.083">
    <failure message="Expected condition failed: waiting for presence of element located by: By.xpath: (//a[ @href=&apos;https://www.jabong.com/account/&apos;])[1] (tried for 20 second(s) with 500 milliseconds interval)" type="org.openqa.selenium.TimeoutException">org.openqa.selenium.TimeoutException: Expected condition failed: waiting for presence of element located by: By.xpath: (//a[ @href='https://www.jabong.com/account/'])[1] (tried for 20 second(s) with 500 milliseconds interval)
	at com.automation.testcases.LoginTest.loginApp(LoginTest.java:26)
Caused by: org.openqa.selenium.NoSuchElementException: 
no such element: Unable to locate element: {"method":"xpath","selector":"(//a[ @href='https://www.jabong.com/account/'])[1]"}
  (Session info: chrome=74.0.3729.169)
  (Driver info: chromedriver=74.0.3729.6 (255758eccf3d244491b8a1317aa76e1ce10d57e9-refs/branch-heads/3729@{#29}),platform=Windows NT 6.3.9600 x86_64) (WARNING: The server did not provide any stacktrace information)
Command duration or timeout: 0 milliseconds
For documentation on this error, please visit: https://www.seleniumhq.org/exceptions/no_such_element.html
Build info: version: '3.141.59', revision: 'e82be7d358', time: '2018-11-14T08:17:03'
System info: host: 'VANDANA', ip: '192.168.43.218', os.name: 'Windows 8.1', os.arch: 'amd64', os.version: '6.3', java.version: '1.8.0_161'
Driver info: org.openqa.selenium.chrome.ChromeDriver
Capabilities {acceptInsecureCerts: false, acceptSslCerts: false, applicationCacheEnabled: false, browserConnectionEnabled: false, browserName: chrome, chrome: {chromedriverVersion: 74.0.3729.6 (255758eccf3d24..., userDataDir: C:\Users\VANDAN~1\AppData\L...}, cssSelectorsEnabled: true, databaseEnabled: false, goog:chromeOptions: {debuggerAddress: localhost:62876}, handlesAlerts: true, hasTouchScreen: false, javascriptEnabled: true, locationContextEnabled: true, mobileEmulationEnabled: false, nativeEvents: true, networkConnectionEnabled: false, pageLoadStrategy: normal, platform: XP, platformName: XP, proxy: Proxy(), rotatable: false, setWindowRect: true, strictFileInteractability: false, takesHeapSnapshot: true, takesScreenshot: true, timeouts: {implicit: 0, pageLoad: 300000, script: 30000}, unexpectedAlertBehaviour: ignore, unhandledPromptBehavior: ignore, version: 74.0.3729.169, webStorageEnabled: true}
Session ID: af0980036d10b1ed10bf7013f8544959
*** Element info: {Using=xpath, value=(//a[ @href='https://www.jabong.com/account/'])[1]}
	at com.automation.testcases.LoginTest.loginApp(LoginTest.java:26)
</failure>
    <system-out><![CDATA[Before navigating to: 'https://www.jabong.com/'
Navigated to:'https://www.jabong.com/'
Trying to find Element By : By.xpath: (//a[@class='dialogify'])[1]
Found Element By : By.xpath: (//a[@class='dialogify'])[1]
Trying to find Element By : By.xpath: (//a[@class='dialogify'])[1]
Found Element By : By.xpath: (//a[@class='dialogify'])[1]
Trying to click on: [[ChromeDriver: chrome on XP (af0980036d10b1ed10bf7013f8544959)] -> xpath: (//a[@class='dialogify'])[1]]
Clicked on: [[ChromeDriver: chrome on XP (af0980036d10b1ed10bf7013f8544959)] -> xpath: (//a[@class='dialogify'])[1]]
Trying to find Element By : By.xpath: (//span[@class='signin-span'])[1]
Trying to find Element By : By.xpath: (//span[@class='signin-span'])[1]
Trying to find Element By : By.xpath: (//span[@class='signin-span'])[1]
Trying to find Element By : By.xpath: (//span[@class='signin-span'])[1]
Trying to find Element By : By.xpath: (//span[@class='signin-span'])[1]
Found Element By : By.xpath: (//span[@class='signin-span'])[1]
Trying to find Element By : By.xpath: (//span[@class='signin-span'])[1]
Found Element By : By.xpath: (//span[@class='signin-span'])[1]
Trying to click on: [[ChromeDriver: chrome on XP (af0980036d10b1ed10bf7013f8544959)] -> xpath: (//span[@class='signin-span'])[1]]
Clicked on: [[ChromeDriver: chrome on XP (af0980036d10b1ed10bf7013f8544959)] -> xpath: (//span[@class='signin-span'])[1]]
Trying to find Element By : By.xpath: (//input[@class='whsOnd zHQkBf'])[1]
Found Element By : By.xpath: (//input[@class='whsOnd zHQkBf'])[1]
Trying to find Element By : By.xpath: (//input[@class='whsOnd zHQkBf'])[1]
Found Element By : By.xpath: (//input[@class='whsOnd zHQkBf'])[1]
Trying to find Element By : By.xpath: (//span[@class='RveJvd snByac'])[1]
Found Element By : By.xpath: (//span[@class='RveJvd snByac'])[1]
Trying to find Element By : By.xpath: (//span[@class='RveJvd snByac'])[1]
Found Element By : By.xpath: (//span[@class='RveJvd snByac'])[1]
Trying to click on: [[ChromeDriver: chrome on XP (af0980036d10b1ed10bf7013f8544959)] -> xpath: (//span[@class='RveJvd snByac'])[1]]
Clicked on: [[ChromeDriver: chrome on XP (af0980036d10b1ed10bf7013f8544959)] -> xpath: (//span[@class='RveJvd snByac'])[1]]
Trying to find Element By : By.xpath: //input[@class='whsOnd zHQkBf'][@type='password']
Found Element By : By.xpath: //input[@class='whsOnd zHQkBf'][@type='password']
Trying to find Element By : By.xpath: //input[@class='whsOnd zHQkBf'][@type='password']
Found Element By : By.xpath: //input[@class='whsOnd zHQkBf'][@type='password']
Trying to find Element By : By.xpath: (//span[@class='RveJvd snByac'])[1]
Found Element By : By.xpath: (//span[@class='RveJvd snByac'])[1]
Trying to find Element By : By.xpath: (//span[@class='RveJvd snByac'])[1]
Found Element By : By.xpath: (//span[@class='RveJvd snByac'])[1]
Trying to click on: [[ChromeDriver: chrome on XP (af0980036d10b1ed10bf7013f8544959)] -> xpath: (//span[@class='RveJvd snByac'])[1]]
Clicked on: [[ChromeDriver: chrome on XP (af0980036d10b1ed10bf7013f8544959)] -> xpath: (//span[@class='RveJvd snByac'])[1]]
Trying to find Element By : By.xpath: (//a[ @href='https://www.jabong.com/account/'])[1]
Trying to find Element By : By.xpath: (//a[ @href='https://www.jabong.com/account/'])[1]
Trying to find Element By : By.xpath: (//a[ @href='https://www.jabong.com/account/'])[1]
Trying to find Element By : By.xpath: (//a[ @href='https://www.jabong.com/account/'])[1]
Trying to find Element By : By.xpath: (//a[ @href='https://www.jabong.com/account/'])[1]
Trying to find Element By : By.xpath: (//a[ @href='https://www.jabong.com/account/'])[1]
Trying to find Element By : By.xpath: (//a[ @href='https://www.jabong.com/account/'])[1]
Trying to find Element By : By.xpath: (//a[ @href='https://www.jabong.com/account/'])[1]
Trying to find Element By : By.xpath: (//a[ @href='https://www.jabong.com/account/'])[1]
Trying to find Element By : By.xpath: (//a[ @href='https://www.jabong.com/account/'])[1]
Trying to find Element By : By.xpath: (//a[ @href='https://www.jabong.com/account/'])[1]
Trying to find Element By : By.xpath: (//a[ @href='https://www.jabong.com/account/'])[1]
Trying to find Element By : By.xpath: (//a[ @href='https://www.jabong.com/account/'])[1]
Trying to find Element By : By.xpath: (//a[ @href='https://www.jabong.com/account/'])[1]
Trying to find Element By : By.xpath: (//a[ @href='https://www.jabong.com/account/'])[1]
Trying to find Element By : By.xpath: (//a[ @href='https://www.jabong.com/account/'])[1]
Trying to find Element By : By.xpath: (//a[ @href='https://www.jabong.com/account/'])[1]
Trying to find Element By : By.xpath: (//a[ @href='https://www.jabong.com/account/'])[1]
Trying to find Element By : By.xpath: (//a[ @href='https://www.jabong.com/account/'])[1]
Trying to find Element By : By.xpath: (//a[ @href='https://www.jabong.com/account/'])[1]
Trying to find Element By : By.xpath: (//a[ @href='https://www.jabong.com/account/'])[1]
Trying to find Element By : By.xpath: (//a[ @href='https://www.jabong.com/account/'])[1]
Trying to find Element By : By.xpath: (//a[ @href='https://www.jabong.com/account/'])[1]
Trying to find Element By : By.xpath: (//a[ @href='https://www.jabong.com/account/'])[1]
Trying to find Element By : By.xpath: (//a[ @href='https://www.jabong.com/account/'])[1]
Trying to find Element By : By.xpath: (//a[ @href='https://www.jabong.com/account/'])[1]
Trying to find Element By : By.xpath: (//a[ @href='https://www.jabong.com/account/'])[1]
Trying to find Element By : By.xpath: (//a[ @href='https://www.jabong.com/account/'])[1]
Trying to find Element By : By.xpath: (//a[ @href='https://www.jabong.com/account/'])[1]
Trying to find Element By : By.xpath: (//a[ @href='https://www.jabong.com/account/'])[1]
Trying to find Element By : By.xpath: (//a[ @href='https://www.jabong.com/account/'])[1]
Trying to find Element By : By.xpath: (//a[ @href='https://www.jabong.com/account/'])[1]
Trying to find Element By : By.xpath: (//a[ @href='https://www.jabong.com/account/'])[1]
Trying to find Element By : By.xpath: (//a[ @href='https://www.jabong.com/account/'])[1]
Trying to find Element By : By.xpath: (//a[ @href='https://www.jabong.com/account/'])[1]
Trying to find Element By : By.xpath: (//a[ @href='https://www.jabong.com/account/'])[1]
Trying to find Element By : By.xpath: (//a[ @href='https://www.jabong.com/account/'])[1]
Trying to find Element By : By.xpath: (//a[ @href='https://www.jabong.com/account/'])[1]
Trying to find Element By : By.xpath: (//a[ @href='https://www.jabong.com/account/'])[1]
]]></system-out>
    <system-err><![CDATA[Starting ChromeDriver 74.0.3729.6 (255758eccf3d244491b8a1317aa76e1ce10d57e9-refs/branch-heads/3729@{#29}) on port 42050
Only local connections are allowed.
Please protect ports used by ChromeDriver and related test frameworks to prevent access by malicious code.
May 31, 2019 10:51:45 PM org.openqa.selenium.remote.ProtocolHandshake createSession
INFO: Detected dialect: OSS
]]></system-err>
  </testcase>
  <testcase name="login" classname="com.automation.testcases.MyAccountChange" time="51.552"/>
  <testcase name="myAccountVerification" classname="com.automation.testcases.MyAccountChange" time="20.206">
    <failure message="Expected condition failed: waiting for presence of element located by: By.xpath: (//a[@ href=&apos;https://www.jabong.com/account/&apos;])[1] (tried for 20 second(s) with 500 milliseconds interval)" type="org.openqa.selenium.TimeoutException">org.openqa.selenium.TimeoutException: Expected condition failed: waiting for presence of element located by: By.xpath: (//a[@ href='https://www.jabong.com/account/'])[1] (tried for 20 second(s) with 500 milliseconds interval)
	at com.automation.testcases.MyAccountChange.myAccountVerification(MyAccountChange.java:25)
Caused by: org.openqa.selenium.NoSuchElementException: 
no such element: Unable to locate element: {"method":"xpath","selector":"(//a[@ href='https://www.jabong.com/account/'])[1]"}
  (Session info: chrome=74.0.3729.169)
  (Driver info: chromedriver=74.0.3729.6 (255758eccf3d244491b8a1317aa76e1ce10d57e9-refs/branch-heads/3729@{#29}),platform=Windows NT 6.3.9600 x86_64) (WARNING: The server did not provide any stacktrace information)
Command duration or timeout: 0 milliseconds
For documentation on this error, please visit: https://www.seleniumhq.org/exceptions/no_such_element.html
Build info: version: '3.141.59', revision: 'e82be7d358', time: '2018-11-14T08:17:03'
System info: host: 'VANDANA', ip: '192.168.43.218', os.name: 'Windows 8.1', os.arch: 'amd64', os.version: '6.3', java.version: '1.8.0_161'
Driver info: org.openqa.selenium.chrome.ChromeDriver
Capabilities {acceptInsecureCerts: false, acceptSslCerts: false, applicationCacheEnabled: false, browserConnectionEnabled: false, browserName: chrome, chrome: {chromedriverVersion: 74.0.3729.6 (255758eccf3d24..., userDataDir: C:\Users\VANDAN~1\AppData\L...}, cssSelectorsEnabled: true, databaseEnabled: false, goog:chromeOptions: {debuggerAddress: localhost:62978}, handlesAlerts: true, hasTouchScreen: false, javascriptEnabled: true, locationContextEnabled: true, mobileEmulationEnabled: false, nativeEvents: true, networkConnectionEnabled: false, pageLoadStrategy: normal, platform: XP, platformName: XP, proxy: Proxy(), rotatable: false, setWindowRect: true, strictFileInteractability: false, takesHeapSnapshot: true, takesScreenshot: true, timeouts: {implicit: 0, pageLoad: 300000, script: 30000}, unexpectedAlertBehaviour: ignore, unhandledPromptBehavior: ignore, version: 74.0.3729.169, webStorageEnabled: true}
Session ID: 3956b13b7eb731574ef141fcceb4a1be
*** Element info: {Using=xpath, value=(//a[@ href='https://www.jabong.com/account/'])[1]}
	at com.automation.testcases.MyAccountChange.myAccountVerification(MyAccountChange.java:25)
</failure>
    <system-out><![CDATA[Trying to find Element By : By.xpath: (//a[@ href='https://www.jabong.com/account/'])[1]
Trying to find Element By : By.xpath: (//a[@ href='https://www.jabong.com/account/'])[1]
Trying to find Element By : By.xpath: (//a[@ href='https://www.jabong.com/account/'])[1]
Trying to find Element By : By.xpath: (//a[@ href='https://www.jabong.com/account/'])[1]
Trying to find Element By : By.xpath: (//a[@ href='https://www.jabong.com/account/'])[1]
Trying to find Element By : By.xpath: (//a[@ href='https://www.jabong.com/account/'])[1]
Trying to find Element By : By.xpath: (//a[@ href='https://www.jabong.com/account/'])[1]
Trying to find Element By : By.xpath: (//a[@ href='https://www.jabong.com/account/'])[1]
Trying to find Element By : By.xpath: (//a[@ href='https://www.jabong.com/account/'])[1]
Trying to find Element By : By.xpath: (//a[@ href='https://www.jabong.com/account/'])[1]
Trying to find Element By : By.xpath: (//a[@ href='https://www.jabong.com/account/'])[1]
Trying to find Element By : By.xpath: (//a[@ href='https://www.jabong.com/account/'])[1]
Trying to find Element By : By.xpath: (//a[@ href='https://www.jabong.com/account/'])[1]
Trying to find Element By : By.xpath: (//a[@ href='https://www.jabong.com/account/'])[1]
Trying to find Element By : By.xpath: (//a[@ href='https://www.jabong.com/account/'])[1]
Trying to find Element By : By.xpath: (//a[@ href='https://www.jabong.com/account/'])[1]
Trying to find Element By : By.xpath: (//a[@ href='https://www.jabong.com/account/'])[1]
Trying to find Element By : By.xpath: (//a[@ href='https://www.jabong.com/account/'])[1]
Trying to find Element By : By.xpath: (//a[@ href='https://www.jabong.com/account/'])[1]
Trying to find Element By : By.xpath: (//a[@ href='https://www.jabong.com/account/'])[1]
Trying to find Element By : By.xpath: (//a[@ href='https://www.jabong.com/account/'])[1]
Trying to find Element By : By.xpath: (//a[@ href='https://www.jabong.com/account/'])[1]
Trying to find Element By : By.xpath: (//a[@ href='https://www.jabong.com/account/'])[1]
Trying to find Element By : By.xpath: (//a[@ href='https://www.jabong.com/account/'])[1]
Trying to find Element By : By.xpath: (//a[@ href='https://www.jabong.com/account/'])[1]
Trying to find Element By : By.xpath: (//a[@ href='https://www.jabong.com/account/'])[1]
Trying to find Element By : By.xpath: (//a[@ href='https://www.jabong.com/account/'])[1]
Trying to find Element By : By.xpath: (//a[@ href='https://www.jabong.com/account/'])[1]
Trying to find Element By : By.xpath: (//a[@ href='https://www.jabong.com/account/'])[1]
Trying to find Element By : By.xpath: (//a[@ href='https://www.jabong.com/account/'])[1]
Trying to find Element By : By.xpath: (//a[@ href='https://www.jabong.com/account/'])[1]
Trying to find Element By : By.xpath: (//a[@ href='https://www.jabong.com/account/'])[1]
Trying to find Element By : By.xpath: (//a[@ href='https://www.jabong.com/account/'])[1]
Trying to find Element By : By.xpath: (//a[@ href='https://www.jabong.com/account/'])[1]
Trying to find Element By : By.xpath: (//a[@ href='https://www.jabong.com/account/'])[1]
Trying to find Element By : By.xpath: (//a[@ href='https://www.jabong.com/account/'])[1]
Trying to find Element By : By.xpath: (//a[@ href='https://www.jabong.com/account/'])[1]
Trying to find Element By : By.xpath: (//a[@ href='https://www.jabong.com/account/'])[1]
Trying to find Element By : By.xpath: (//a[@ href='https://www.jabong.com/account/'])[1]
]]></system-out>
  </testcase>
  <testcase name="personalInfoChange" classname="com.automation.testcases.MyAccountChange" time="20.086">
    <failure message="Expected condition failed: waiting for presence of element located by: By.xpath: //a [@href=&apos;/account/profile&apos;] (tried for 20 second(s) with 500 milliseconds interval)" type="org.openqa.selenium.TimeoutException">org.openqa.selenium.TimeoutException: Expected condition failed: waiting for presence of element located by: By.xpath: //a [@href='/account/profile'] (tried for 20 second(s) with 500 milliseconds interval)
	at com.automation.testcases.MyAccountChange.personalInfoChange(MyAccountChange.java:33)
Caused by: org.openqa.selenium.NoSuchElementException: 
no such element: Unable to locate element: {"method":"xpath","selector":"//a [@href='/account/profile']"}
  (Session info: chrome=74.0.3729.169)
  (Driver info: chromedriver=74.0.3729.6 (255758eccf3d244491b8a1317aa76e1ce10d57e9-refs/branch-heads/3729@{#29}),platform=Windows NT 6.3.9600 x86_64) (WARNING: The server did not provide any stacktrace information)
Command duration or timeout: 0 milliseconds
For documentation on this error, please visit: https://www.seleniumhq.org/exceptions/no_such_element.html
Build info: version: '3.141.59', revision: 'e82be7d358', time: '2018-11-14T08:17:03'
System info: host: 'VANDANA', ip: '192.168.43.218', os.name: 'Windows 8.1', os.arch: 'amd64', os.version: '6.3', java.version: '1.8.0_161'
Driver info: org.openqa.selenium.chrome.ChromeDriver
Capabilities {acceptInsecureCerts: false, acceptSslCerts: false, applicationCacheEnabled: false, browserConnectionEnabled: false, browserName: chrome, chrome: {chromedriverVersion: 74.0.3729.6 (255758eccf3d24..., userDataDir: C:\Users\VANDAN~1\AppData\L...}, cssSelectorsEnabled: true, databaseEnabled: false, goog:chromeOptions: {debuggerAddress: localhost:62978}, handlesAlerts: true, hasTouchScreen: false, javascriptEnabled: true, locationContextEnabled: true, mobileEmulationEnabled: false, nativeEvents: true, networkConnectionEnabled: false, pageLoadStrategy: normal, platform: XP, platformName: XP, proxy: Proxy(), rotatable: false, setWindowRect: true, strictFileInteractability: false, takesHeapSnapshot: true, takesScreenshot: true, timeouts: {implicit: 0, pageLoad: 300000, script: 30000}, unexpectedAlertBehaviour: ignore, unhandledPromptBehavior: ignore, version: 74.0.3729.169, webStorageEnabled: true}
Session ID: 3956b13b7eb731574ef141fcceb4a1be
*** Element info: {Using=xpath, value=//a [@href='/account/profile']}
	at com.automation.testcases.MyAccountChange.personalInfoChange(MyAccountChange.java:33)
</failure>
    <system-out><![CDATA[Trying to find Element By : By.xpath: //a [@href='/account/profile']
Trying to find Element By : By.xpath: //a [@href='/account/profile']
Trying to find Element By : By.xpath: //a [@href='/account/profile']
Trying to find Element By : By.xpath: //a [@href='/account/profile']
Trying to find Element By : By.xpath: //a [@href='/account/profile']
Trying to find Element By : By.xpath: //a [@href='/account/profile']
Trying to find Element By : By.xpath: //a [@href='/account/profile']
Trying to find Element By : By.xpath: //a [@href='/account/profile']
Trying to find Element By : By.xpath: //a [@href='/account/profile']
Trying to find Element By : By.xpath: //a [@href='/account/profile']
Trying to find Element By : By.xpath: //a [@href='/account/profile']
Trying to find Element By : By.xpath: //a [@href='/account/profile']
Trying to find Element By : By.xpath: //a [@href='/account/profile']
Trying to find Element By : By.xpath: //a [@href='/account/profile']
Trying to find Element By : By.xpath: //a [@href='/account/profile']
Trying to find Element By : By.xpath: //a [@href='/account/profile']
Trying to find Element By : By.xpath: //a [@href='/account/profile']
Trying to find Element By : By.xpath: //a [@href='/account/profile']
Trying to find Element By : By.xpath: //a [@href='/account/profile']
Trying to find Element By : By.xpath: //a [@href='/account/profile']
Trying to find Element By : By.xpath: //a [@href='/account/profile']
Trying to find Element By : By.xpath: //a [@href='/account/profile']
Trying to find Element By : By.xpath: //a [@href='/account/profile']
Trying to find Element By : By.xpath: //a [@href='/account/profile']
Trying to find Element By : By.xpath: //a [@href='/account/profile']
Trying to find Element By : By.xpath: //a [@href='/account/profile']
Trying to find Element By : By.xpath: //a [@href='/account/profile']
Trying to find Element By : By.xpath: //a [@href='/account/profile']
Trying to find Element By : By.xpath: //a [@href='/account/profile']
Trying to find Element By : By.xpath: //a [@href='/account/profile']
Trying to find Element By : By.xpath: //a [@href='/account/profile']
Trying to find Element By : By.xpath: //a [@href='/account/profile']
Trying to find Element By : By.xpath: //a [@href='/account/profile']
Trying to find Element By : By.xpath: //a [@href='/account/profile']
Trying to find Element By : By.xpath: //a [@href='/account/profile']
Trying to find Element By : By.xpath: //a [@href='/account/profile']
Trying to find Element By : By.xpath: //a [@href='/account/profile']
Trying to find Element By : By.xpath: //a [@href='/account/profile']
Trying to find Element By : By.xpath: //a [@href='/account/profile']
]]></system-out>
  </testcase>
  <testcase name="login" classname="com.automation.testcases.AddNewAddressTest" time="23.1"/>
  <testcase name="myAccountVerification" classname="com.automation.testcases.AddNewAddressTest" time="20.119">
    <failure message="Expected condition failed: waiting for presence of element located by: By.xpath: (//a[@ href=&apos;https://www.jabong.com/account/&apos;])[1] (tried for 20 second(s) with 500 milliseconds interval)" type="org.openqa.selenium.TimeoutException">org.openqa.selenium.TimeoutException: Expected condition failed: waiting for presence of element located by: By.xpath: (//a[@ href='https://www.jabong.com/account/'])[1] (tried for 20 second(s) with 500 milliseconds interval)
	at com.automation.testcases.AddNewAddressTest.myAccountVerification(AddNewAddressTest.java:28)
Caused by: org.openqa.selenium.NoSuchElementException: 
no such element: Unable to locate element: {"method":"xpath","selector":"(//a[@ href='https://www.jabong.com/account/'])[1]"}
  (Session info: chrome=74.0.3729.169)
  (Driver info: chromedriver=74.0.3729.6 (255758eccf3d244491b8a1317aa76e1ce10d57e9-refs/branch-heads/3729@{#29}),platform=Windows NT 6.3.9600 x86_64) (WARNING: The server did not provide any stacktrace information)
Command duration or timeout: 0 milliseconds
For documentation on this error, please visit: https://www.seleniumhq.org/exceptions/no_such_element.html
Build info: version: '3.141.59', revision: 'e82be7d358', time: '2018-11-14T08:17:03'
System info: host: 'VANDANA', ip: '192.168.43.218', os.name: 'Windows 8.1', os.arch: 'amd64', os.version: '6.3', java.version: '1.8.0_161'
Driver info: org.openqa.selenium.chrome.ChromeDriver
Capabilities {acceptInsecureCerts: false, acceptSslCerts: false, applicationCacheEnabled: false, browserConnectionEnabled: false, browserName: chrome, chrome: {chromedriverVersion: 74.0.3729.6 (255758eccf3d24..., userDataDir: C:\Users\VANDAN~1\AppData\L...}, cssSelectorsEnabled: true, databaseEnabled: false, goog:chromeOptions: {debuggerAddress: localhost:63064}, handlesAlerts: true, hasTouchScreen: false, javascriptEnabled: true, locationContextEnabled: true, mobileEmulationEnabled: false, nativeEvents: true, networkConnectionEnabled: false, pageLoadStrategy: normal, platform: XP, platformName: XP, proxy: Proxy(), rotatable: false, setWindowRect: true, strictFileInteractability: false, takesHeapSnapshot: true, takesScreenshot: true, timeouts: {implicit: 0, pageLoad: 300000, script: 30000}, unexpectedAlertBehaviour: ignore, unhandledPromptBehavior: ignore, version: 74.0.3729.169, webStorageEnabled: true}
Session ID: eeabe3fcace285a735f9f1ce40d50094
*** Element info: {Using=xpath, value=(//a[@ href='https://www.jabong.com/account/'])[1]}
	at com.automation.testcases.AddNewAddressTest.myAccountVerification(AddNewAddressTest.java:28)
</failure>
    <system-out><![CDATA[Trying to find Element By : By.xpath: (//a[@ href='https://www.jabong.com/account/'])[1]
Trying to find Element By : By.xpath: (//a[@ href='https://www.jabong.com/account/'])[1]
Trying to find Element By : By.xpath: (//a[@ href='https://www.jabong.com/account/'])[1]
Trying to find Element By : By.xpath: (//a[@ href='https://www.jabong.com/account/'])[1]
Trying to find Element By : By.xpath: (//a[@ href='https://www.jabong.com/account/'])[1]
Trying to find Element By : By.xpath: (//a[@ href='https://www.jabong.com/account/'])[1]
Trying to find Element By : By.xpath: (//a[@ href='https://www.jabong.com/account/'])[1]
Trying to find Element By : By.xpath: (//a[@ href='https://www.jabong.com/account/'])[1]
Trying to find Element By : By.xpath: (//a[@ href='https://www.jabong.com/account/'])[1]
Trying to find Element By : By.xpath: (//a[@ href='https://www.jabong.com/account/'])[1]
Trying to find Element By : By.xpath: (//a[@ href='https://www.jabong.com/account/'])[1]
Trying to find Element By : By.xpath: (//a[@ href='https://www.jabong.com/account/'])[1]
Trying to find Element By : By.xpath: (//a[@ href='https://www.jabong.com/account/'])[1]
Trying to find Element By : By.xpath: (//a[@ href='https://www.jabong.com/account/'])[1]
Trying to find Element By : By.xpath: (//a[@ href='https://www.jabong.com/account/'])[1]
Trying to find Element By : By.xpath: (//a[@ href='https://www.jabong.com/account/'])[1]
Trying to find Element By : By.xpath: (//a[@ href='https://www.jabong.com/account/'])[1]
Trying to find Element By : By.xpath: (//a[@ href='https://www.jabong.com/account/'])[1]
Trying to find Element By : By.xpath: (//a[@ href='https://www.jabong.com/account/'])[1]
Trying to find Element By : By.xpath: (//a[@ href='https://www.jabong.com/account/'])[1]
Trying to find Element By : By.xpath: (//a[@ href='https://www.jabong.com/account/'])[1]
Trying to find Element By : By.xpath: (//a[@ href='https://www.jabong.com/account/'])[1]
Trying to find Element By : By.xpath: (//a[@ href='https://www.jabong.com/account/'])[1]
Trying to find Element By : By.xpath: (//a[@ href='https://www.jabong.com/account/'])[1]
Trying to find Element By : By.xpath: (//a[@ href='https://www.jabong.com/account/'])[1]
Trying to find Element By : By.xpath: (//a[@ href='https://www.jabong.com/account/'])[1]
Trying to find Element By : By.xpath: (//a[@ href='https://www.jabong.com/account/'])[1]
Trying to find Element By : By.xpath: (//a[@ href='https://www.jabong.com/account/'])[1]
Trying to find Element By : By.xpath: (//a[@ href='https://www.jabong.com/account/'])[1]
Trying to find Element By : By.xpath: (//a[@ href='https://www.jabong.com/account/'])[1]
Trying to find Element By : By.xpath: (//a[@ href='https://www.jabong.com/account/'])[1]
Trying to find Element By : By.xpath: (//a[@ href='https://www.jabong.com/account/'])[1]
Trying to find Element By : By.xpath: (//a[@ href='https://www.jabong.com/account/'])[1]
Trying to find Element By : By.xpath: (//a[@ href='https://www.jabong.com/account/'])[1]
Trying to find Element By : By.xpath: (//a[@ href='https://www.jabong.com/account/'])[1]
Trying to find Element By : By.xpath: (//a[@ href='https://www.jabong.com/account/'])[1]
Trying to find Element By : By.xpath: (//a[@ href='https://www.jabong.com/account/'])[1]
Trying to find Element By : By.xpath: (//a[@ href='https://www.jabong.com/account/'])[1]
Trying to find Element By : By.xpath: (//a[@ href='https://www.jabong.com/account/'])[1]
]]></system-out>
  </testcase>
  <testcase name="addNewAddressVerification" classname="com.automation.testcases.AddNewAddressTest" time="20.127">
    <failure message="Expected condition failed: waiting for presence of element located by: By.xpath: //a [@href=&apos;/account/addresses/&apos;] (tried for 20 second(s) with 500 milliseconds interval)" type="org.openqa.selenium.TimeoutException">org.openqa.selenium.TimeoutException: Expected condition failed: waiting for presence of element located by: By.xpath: //a [@href='/account/addresses/'] (tried for 20 second(s) with 500 milliseconds interval)
	at com.automation.testcases.AddNewAddressTest.addNewAddressVerification(AddNewAddressTest.java:36)
Caused by: org.openqa.selenium.NoSuchElementException: 
no such element: Unable to locate element: {"method":"xpath","selector":"//a [@href='/account/addresses/']"}
  (Session info: chrome=74.0.3729.169)
  (Driver info: chromedriver=74.0.3729.6 (255758eccf3d244491b8a1317aa76e1ce10d57e9-refs/branch-heads/3729@{#29}),platform=Windows NT 6.3.9600 x86_64) (WARNING: The server did not provide any stacktrace information)
Command duration or timeout: 0 milliseconds
For documentation on this error, please visit: https://www.seleniumhq.org/exceptions/no_such_element.html
Build info: version: '3.141.59', revision: 'e82be7d358', time: '2018-11-14T08:17:03'
System info: host: 'VANDANA', ip: '192.168.43.218', os.name: 'Windows 8.1', os.arch: 'amd64', os.version: '6.3', java.version: '1.8.0_161'
Driver info: org.openqa.selenium.chrome.ChromeDriver
Capabilities {acceptInsecureCerts: false, acceptSslCerts: false, applicationCacheEnabled: false, browserConnectionEnabled: false, browserName: chrome, chrome: {chromedriverVersion: 74.0.3729.6 (255758eccf3d24..., userDataDir: C:\Users\VANDAN~1\AppData\L...}, cssSelectorsEnabled: true, databaseEnabled: false, goog:chromeOptions: {debuggerAddress: localhost:63064}, handlesAlerts: true, hasTouchScreen: false, javascriptEnabled: true, locationContextEnabled: true, mobileEmulationEnabled: false, nativeEvents: true, networkConnectionEnabled: false, pageLoadStrategy: normal, platform: XP, platformName: XP, proxy: Proxy(), rotatable: false, setWindowRect: true, strictFileInteractability: false, takesHeapSnapshot: true, takesScreenshot: true, timeouts: {implicit: 0, pageLoad: 300000, script: 30000}, unexpectedAlertBehaviour: ignore, unhandledPromptBehavior: ignore, version: 74.0.3729.169, webStorageEnabled: true}
Session ID: eeabe3fcace285a735f9f1ce40d50094
*** Element info: {Using=xpath, value=//a [@href='/account/addresses/']}
	at com.automation.testcases.AddNewAddressTest.addNewAddressVerification(AddNewAddressTest.java:36)
</failure>
    <system-out><![CDATA[Trying to find Element By : By.xpath: //a [@href='/account/addresses/']
Trying to find Element By : By.xpath: //a [@href='/account/addresses/']
Trying to find Element By : By.xpath: //a [@href='/account/addresses/']
Trying to find Element By : By.xpath: //a [@href='/account/addresses/']
Trying to find Element By : By.xpath: //a [@href='/account/addresses/']
Trying to find Element By : By.xpath: //a [@href='/account/addresses/']
Trying to find Element By : By.xpath: //a [@href='/account/addresses/']
Trying to find Element By : By.xpath: //a [@href='/account/addresses/']
Trying to find Element By : By.xpath: //a [@href='/account/addresses/']
Trying to find Element By : By.xpath: //a [@href='/account/addresses/']
Trying to find Element By : By.xpath: //a [@href='/account/addresses/']
Trying to find Element By : By.xpath: //a [@href='/account/addresses/']
Trying to find Element By : By.xpath: //a [@href='/account/addresses/']
Trying to find Element By : By.xpath: //a [@href='/account/addresses/']
Trying to find Element By : By.xpath: //a [@href='/account/addresses/']
Trying to find Element By : By.xpath: //a [@href='/account/addresses/']
Trying to find Element By : By.xpath: //a [@href='/account/addresses/']
Trying to find Element By : By.xpath: //a [@href='/account/addresses/']
Trying to find Element By : By.xpath: //a [@href='/account/addresses/']
Trying to find Element By : By.xpath: //a [@href='/account/addresses/']
Trying to find Element By : By.xpath: //a [@href='/account/addresses/']
Trying to find Element By : By.xpath: //a [@href='/account/addresses/']
Trying to find Element By : By.xpath: //a [@href='/account/addresses/']
Trying to find Element By : By.xpath: //a [@href='/account/addresses/']
Trying to find Element By : By.xpath: //a [@href='/account/addresses/']
Trying to find Element By : By.xpath: //a [@href='/account/addresses/']
Trying to find Element By : By.xpath: //a [@href='/account/addresses/']
Trying to find Element By : By.xpath: //a [@href='/account/addresses/']
Trying to find Element By : By.xpath: //a [@href='/account/addresses/']
Trying to find Element By : By.xpath: //a [@href='/account/addresses/']
Trying to find Element By : By.xpath: //a [@href='/account/addresses/']
Trying to find Element By : By.xpath: //a [@href='/account/addresses/']
Trying to find Element By : By.xpath: //a [@href='/account/addresses/']
Trying to find Element By : By.xpath: //a [@href='/account/addresses/']
Trying to find Element By : By.xpath: //a [@href='/account/addresses/']
Trying to find Element By : By.xpath: //a [@href='/account/addresses/']
Trying to find Element By : By.xpath: //a [@href='/account/addresses/']
Trying to find Element By : By.xpath: //a [@href='/account/addresses/']
Trying to find Element By : By.xpath: //a [@href='/account/addresses/']
]]></system-out>
  </testcase>
  <testcase name="loginApp" classname="com.automation.testcases.FetchJabongPointTest" time="61.995">
    <failure message="Expected condition failed: waiting for presence of element located by: By.xpath: (//a[ @href=&apos;https://www.jabong.com/account/&apos;])[1] (tried for 20 second(s) with 500 milliseconds interval)" type="org.openqa.selenium.TimeoutException">org.openqa.selenium.TimeoutException: Expected condition failed: waiting for presence of element located by: By.xpath: (//a[ @href='https://www.jabong.com/account/'])[1] (tried for 20 second(s) with 500 milliseconds interval)
	at com.automation.testcases.FetchJabongPointTest.loginApp(FetchJabongPointTest.java:22)
Caused by: org.openqa.selenium.NoSuchElementException: 
no such element: Unable to locate element: {"method":"xpath","selector":"(//a[ @href='https://www.jabong.com/account/'])[1]"}
  (Session info: chrome=74.0.3729.169)
  (Driver info: chromedriver=74.0.3729.6 (255758eccf3d244491b8a1317aa76e1ce10d57e9-refs/branch-heads/3729@{#29}),platform=Windows NT 6.3.9600 x86_64) (WARNING: The server did not provide any stacktrace information)
Command duration or timeout: 0 milliseconds
For documentation on this error, please visit: https://www.seleniumhq.org/exceptions/no_such_element.html
Build info: version: '3.141.59', revision: 'e82be7d358', time: '2018-11-14T08:17:03'
System info: host: 'VANDANA', ip: '192.168.43.218', os.name: 'Windows 8.1', os.arch: 'amd64', os.version: '6.3', java.version: '1.8.0_161'
Driver info: org.openqa.selenium.chrome.ChromeDriver
Capabilities {acceptInsecureCerts: false, acceptSslCerts: false, applicationCacheEnabled: false, browserConnectionEnabled: false, browserName: chrome, chrome: {chromedriverVersion: 74.0.3729.6 (255758eccf3d24..., userDataDir: C:\Users\VANDAN~1\AppData\L...}, cssSelectorsEnabled: true, databaseEnabled: false, goog:chromeOptions: {debuggerAddress: localhost:63142}, handlesAlerts: true, hasTouchScreen: false, javascriptEnabled: true, locationContextEnabled: true, mobileEmulationEnabled: false, nativeEvents: true, networkConnectionEnabled: false, pageLoadStrategy: normal, platform: XP, platformName: XP, proxy: Proxy(), rotatable: false, setWindowRect: true, strictFileInteractability: false, takesHeapSnapshot: true, takesScreenshot: true, timeouts: {implicit: 0, pageLoad: 300000, script: 30000}, unexpectedAlertBehaviour: ignore, unhandledPromptBehavior: ignore, version: 74.0.3729.169, webStorageEnabled: true}
Session ID: 04946337ad784385453c06ee1eb4039c
*** Element info: {Using=xpath, value=(//a[ @href='https://www.jabong.com/account/'])[1]}
	at com.automation.testcases.FetchJabongPointTest.loginApp(FetchJabongPointTest.java:22)
</failure>
    <system-out><![CDATA[Before navigating to: 'https://www.jabong.com/'
Navigated to:'https://www.jabong.com/'
Trying to find Element By : By.xpath: (//a[@class='dialogify'])[1]
Found Element By : By.xpath: (//a[@class='dialogify'])[1]
Trying to find Element By : By.xpath: (//a[@class='dialogify'])[1]
Found Element By : By.xpath: (//a[@class='dialogify'])[1]
Trying to click on: [[ChromeDriver: chrome on XP (04946337ad784385453c06ee1eb4039c)] -> xpath: (//a[@class='dialogify'])[1]]
Clicked on: [[ChromeDriver: chrome on XP (04946337ad784385453c06ee1eb4039c)] -> xpath: (//a[@class='dialogify'])[1]]
Trying to find Element By : By.xpath: (//span[@class='signin-span'])[1]
Trying to find Element By : By.xpath: (//span[@class='signin-span'])[1]
Found Element By : By.xpath: (//span[@class='signin-span'])[1]
Trying to find Element By : By.xpath: (//span[@class='signin-span'])[1]
Found Element By : By.xpath: (//span[@class='signin-span'])[1]
Trying to click on: [[ChromeDriver: chrome on XP (04946337ad784385453c06ee1eb4039c)] -> xpath: (//span[@class='signin-span'])[1]]
Clicked on: [[ChromeDriver: chrome on XP (04946337ad784385453c06ee1eb4039c)] -> xpath: (//span[@class='signin-span'])[1]]
Trying to find Element By : By.xpath: (//input[@class='whsOnd zHQkBf'])[1]
Found Element By : By.xpath: (//input[@class='whsOnd zHQkBf'])[1]
Trying to find Element By : By.xpath: (//input[@class='whsOnd zHQkBf'])[1]
Found Element By : By.xpath: (//input[@class='whsOnd zHQkBf'])[1]
Trying to find Element By : By.xpath: (//span[@class='RveJvd snByac'])[1]
Found Element By : By.xpath: (//span[@class='RveJvd snByac'])[1]
Trying to find Element By : By.xpath: (//span[@class='RveJvd snByac'])[1]
Found Element By : By.xpath: (//span[@class='RveJvd snByac'])[1]
Trying to click on: [[ChromeDriver: chrome on XP (04946337ad784385453c06ee1eb4039c)] -> xpath: (//span[@class='RveJvd snByac'])[1]]
Clicked on: [[ChromeDriver: chrome on XP (04946337ad784385453c06ee1eb4039c)] -> xpath: (//span[@class='RveJvd snByac'])[1]]
Trying to find Element By : By.xpath: //input[@class='whsOnd zHQkBf'][@type='password']
Found Element By : By.xpath: //input[@class='whsOnd zHQkBf'][@type='password']
Trying to find Element By : By.xpath: //input[@class='whsOnd zHQkBf'][@type='password']
Found Element By : By.xpath: //input[@class='whsOnd zHQkBf'][@type='password']
Trying to find Element By : By.xpath: (//span[@class='RveJvd snByac'])[1]
Found Element By : By.xpath: (//span[@class='RveJvd snByac'])[1]
Trying to find Element By : By.xpath: (//span[@class='RveJvd snByac'])[1]
Found Element By : By.xpath: (//span[@class='RveJvd snByac'])[1]
Trying to click on: [[ChromeDriver: chrome on XP (04946337ad784385453c06ee1eb4039c)] -> xpath: (//span[@class='RveJvd snByac'])[1]]
Clicked on: [[ChromeDriver: chrome on XP (04946337ad784385453c06ee1eb4039c)] -> xpath: (//span[@class='RveJvd snByac'])[1]]
Trying to find Element By : By.xpath: (//a[ @href='https://www.jabong.com/account/'])[1]
Trying to find Element By : By.xpath: (//a[ @href='https://www.jabong.com/account/'])[1]
Trying to find Element By : By.xpath: (//a[ @href='https://www.jabong.com/account/'])[1]
Trying to find Element By : By.xpath: (//a[ @href='https://www.jabong.com/account/'])[1]
Trying to find Element By : By.xpath: (//a[ @href='https://www.jabong.com/account/'])[1]
Trying to find Element By : By.xpath: (//a[ @href='https://www.jabong.com/account/'])[1]
Trying to find Element By : By.xpath: (//a[ @href='https://www.jabong.com/account/'])[1]
Trying to find Element By : By.xpath: (//a[ @href='https://www.jabong.com/account/'])[1]
Trying to find Element By : By.xpath: (//a[ @href='https://www.jabong.com/account/'])[1]
Trying to find Element By : By.xpath: (//a[ @href='https://www.jabong.com/account/'])[1]
Trying to find Element By : By.xpath: (//a[ @href='https://www.jabong.com/account/'])[1]
Trying to find Element By : By.xpath: (//a[ @href='https://www.jabong.com/account/'])[1]
Trying to find Element By : By.xpath: (//a[ @href='https://www.jabong.com/account/'])[1]
Trying to find Element By : By.xpath: (//a[ @href='https://www.jabong.com/account/'])[1]
Trying to find Element By : By.xpath: (//a[ @href='https://www.jabong.com/account/'])[1]
Trying to find Element By : By.xpath: (//a[ @href='https://www.jabong.com/account/'])[1]
Trying to find Element By : By.xpath: (//a[ @href='https://www.jabong.com/account/'])[1]
Trying to find Element By : By.xpath: (//a[ @href='https://www.jabong.com/account/'])[1]
Trying to find Element By : By.xpath: (//a[ @href='https://www.jabong.com/account/'])[1]
Trying to find Element By : By.xpath: (//a[ @href='https://www.jabong.com/account/'])[1]
Trying to find Element By : By.xpath: (//a[ @href='https://www.jabong.com/account/'])[1]
Trying to find Element By : By.xpath: (//a[ @href='https://www.jabong.com/account/'])[1]
Trying to find Element By : By.xpath: (//a[ @href='https://www.jabong.com/account/'])[1]
Trying to find Element By : By.xpath: (//a[ @href='https://www.jabong.com/account/'])[1]
Trying to find Element By : By.xpath: (//a[ @href='https://www.jabong.com/account/'])[1]
Trying to find Element By : By.xpath: (//a[ @href='https://www.jabong.com/account/'])[1]
Trying to find Element By : By.xpath: (//a[ @href='https://www.jabong.com/account/'])[1]
Trying to find Element By : By.xpath: (//a[ @href='https://www.jabong.com/account/'])[1]
Trying to find Element By : By.xpath: (//a[ @href='https://www.jabong.com/account/'])[1]
Trying to find Element By : By.xpath: (//a[ @href='https://www.jabong.com/account/'])[1]
Trying to find Element By : By.xpath: (//a[ @href='https://www.jabong.com/account/'])[1]
Trying to find Element By : By.xpath: (//a[ @href='https://www.jabong.com/account/'])[1]
Trying to find Element By : By.xpath: (//a[ @href='https://www.jabong.com/account/'])[1]
Trying to find Element By : By.xpath: (//a[ @href='https://www.jabong.com/account/'])[1]
Trying to find Element By : By.xpath: (//a[ @href='https://www.jabong.com/account/'])[1]
Trying to find Element By : By.xpath: (//a[ @href='https://www.jabong.com/account/'])[1]
Trying to find Element By : By.xpath: (//a[ @href='https://www.jabong.com/account/'])[1]
Trying to find Element By : By.xpath: (//a[ @href='https://www.jabong.com/account/'])[1]
Trying to find Element By : By.xpath: (//a[ @href='https://www.jabong.com/account/'])[1]
]]></system-out>
    <system-err><![CDATA[Starting ChromeDriver 74.0.3729.6 (255758eccf3d244491b8a1317aa76e1ce10d57e9-refs/branch-heads/3729@{#29}) on port 18602
Only local connections are allowed.
Please protect ports used by ChromeDriver and related test frameworks to prevent access by malicious code.
May 31, 2019 10:56:19 PM org.openqa.selenium.remote.ProtocolHandshake createSession
INFO: Detected dialect: OSS
]]></system-err>
  </testcase>
  <testcase name="jabongPoingVerification" classname="com.automation.testcases.FetchJabongPointTest" time="20.05">
    <failure message="Expected condition failed: waiting for presence of element located by: By.xpath: (//a[@ href=&apos;https://www.jabong.com/account/&apos;])[1] (tried for 20 second(s) with 500 milliseconds interval)" type="org.openqa.selenium.TimeoutException">org.openqa.selenium.TimeoutException: Expected condition failed: waiting for presence of element located by: By.xpath: (//a[@ href='https://www.jabong.com/account/'])[1] (tried for 20 second(s) with 500 milliseconds interval)
	at com.automation.testcases.FetchJabongPointTest.jabongPoingVerification(FetchJabongPointTest.java:32)
Caused by: org.openqa.selenium.NoSuchElementException: 
no such element: Unable to locate element: {"method":"xpath","selector":"(//a[@ href='https://www.jabong.com/account/'])[1]"}
  (Session info: chrome=74.0.3729.169)
  (Driver info: chromedriver=74.0.3729.6 (255758eccf3d244491b8a1317aa76e1ce10d57e9-refs/branch-heads/3729@{#29}),platform=Windows NT 6.3.9600 x86_64) (WARNING: The server did not provide any stacktrace information)
Command duration or timeout: 0 milliseconds
For documentation on this error, please visit: https://www.seleniumhq.org/exceptions/no_such_element.html
Build info: version: '3.141.59', revision: 'e82be7d358', time: '2018-11-14T08:17:03'
System info: host: 'VANDANA', ip: '192.168.43.218', os.name: 'Windows 8.1', os.arch: 'amd64', os.version: '6.3', java.version: '1.8.0_161'
Driver info: org.openqa.selenium.chrome.ChromeDriver
Capabilities {acceptInsecureCerts: false, acceptSslCerts: false, applicationCacheEnabled: false, browserConnectionEnabled: false, browserName: chrome, chrome: {chromedriverVersion: 74.0.3729.6 (255758eccf3d24..., userDataDir: C:\Users\VANDAN~1\AppData\L...}, cssSelectorsEnabled: true, databaseEnabled: false, goog:chromeOptions: {debuggerAddress: localhost:63142}, handlesAlerts: true, hasTouchScreen: false, javascriptEnabled: true, locationContextEnabled: true, mobileEmulationEnabled: false, nativeEvents: true, networkConnectionEnabled: false, pageLoadStrategy: normal, platform: XP, platformName: XP, proxy: Proxy(), rotatable: false, setWindowRect: true, strictFileInteractability: false, takesHeapSnapshot: true, takesScreenshot: true, timeouts: {implicit: 0, pageLoad: 300000, script: 30000}, unexpectedAlertBehaviour: ignore, unhandledPromptBehavior: ignore, version: 74.0.3729.169, webStorageEnabled: true}
Session ID: 04946337ad784385453c06ee1eb4039c
*** Element info: {Using=xpath, value=(//a[@ href='https://www.jabong.com/account/'])[1]}
	at com.automation.testcases.FetchJabongPointTest.jabongPoingVerification(FetchJabongPointTest.java:32)
</failure>
    <system-out><![CDATA[Trying to find Element By : By.xpath: (//a[@ href='https://www.jabong.com/account/'])[1]
Trying to find Element By : By.xpath: (//a[@ href='https://www.jabong.com/account/'])[1]
Trying to find Element By : By.xpath: (//a[@ href='https://www.jabong.com/account/'])[1]
Trying to find Element By : By.xpath: (//a[@ href='https://www.jabong.com/account/'])[1]
Trying to find Element By : By.xpath: (//a[@ href='https://www.jabong.com/account/'])[1]
Trying to find Element By : By.xpath: (//a[@ href='https://www.jabong.com/account/'])[1]
Trying to find Element By : By.xpath: (//a[@ href='https://www.jabong.com/account/'])[1]
Trying to find Element By : By.xpath: (//a[@ href='https://www.jabong.com/account/'])[1]
Trying to find Element By : By.xpath: (//a[@ href='https://www.jabong.com/account/'])[1]
Trying to find Element By : By.xpath: (//a[@ href='https://www.jabong.com/account/'])[1]
Trying to find Element By : By.xpath: (//a[@ href='https://www.jabong.com/account/'])[1]
Trying to find Element By : By.xpath: (//a[@ href='https://www.jabong.com/account/'])[1]
Trying to find Element By : By.xpath: (//a[@ href='https://www.jabong.com/account/'])[1]
Trying to find Element By : By.xpath: (//a[@ href='https://www.jabong.com/account/'])[1]
Trying to find Element By : By.xpath: (//a[@ href='https://www.jabong.com/account/'])[1]
Trying to find Element By : By.xpath: (//a[@ href='https://www.jabong.com/account/'])[1]
Trying to find Element By : By.xpath: (//a[@ href='https://www.jabong.com/account/'])[1]
Trying to find Element By : By.xpath: (//a[@ href='https://www.jabong.com/account/'])[1]
Trying to find Element By : By.xpath: (//a[@ href='https://www.jabong.com/account/'])[1]
Trying to find Element By : By.xpath: (//a[@ href='https://www.jabong.com/account/'])[1]
Trying to find Element By : By.xpath: (//a[@ href='https://www.jabong.com/account/'])[1]
Trying to find Element By : By.xpath: (//a[@ href='https://www.jabong.com/account/'])[1]
Trying to find Element By : By.xpath: (//a[@ href='https://www.jabong.com/account/'])[1]
Trying to find Element By : By.xpath: (//a[@ href='https://www.jabong.com/account/'])[1]
Trying to find Element By : By.xpath: (//a[@ href='https://www.jabong.com/account/'])[1]
Trying to find Element By : By.xpath: (//a[@ href='https://www.jabong.com/account/'])[1]
Trying to find Element By : By.xpath: (//a[@ href='https://www.jabong.com/account/'])[1]
Trying to find Element By : By.xpath: (//a[@ href='https://www.jabong.com/account/'])[1]
Trying to find Element By : By.xpath: (//a[@ href='https://www.jabong.com/account/'])[1]
Trying to find Element By : By.xpath: (//a[@ href='https://www.jabong.com/account/'])[1]
Trying to find Element By : By.xpath: (//a[@ href='https://www.jabong.com/account/'])[1]
Trying to find Element By : By.xpath: (//a[@ href='https://www.jabong.com/account/'])[1]
Trying to find Element By : By.xpath: (//a[@ href='https://www.jabong.com/account/'])[1]
Trying to find Element By : By.xpath: (//a[@ href='https://www.jabong.com/account/'])[1]
Trying to find Element By : By.xpath: (//a[@ href='https://www.jabong.com/account/'])[1]
Trying to find Element By : By.xpath: (//a[@ href='https://www.jabong.com/account/'])[1]
Trying to find Element By : By.xpath: (//a[@ href='https://www.jabong.com/account/'])[1]
Trying to find Element By : By.xpath: (//a[@ href='https://www.jabong.com/account/'])[1]
Trying to find Element By : By.xpath: (//a[@ href='https://www.jabong.com/account/'])[1]
]]></system-out>
  </testcase>
</testsuite>